# JRE version: OpenJDK Runtime Environment (11.0.13) (build 11.0.13+0-b1751.21-8125866)
# Java VM: OpenJDK 64-Bit Server VM (11.0.13+0-b1751.21-8125866, mixed mode, tiered, compressed oops, g1 gc, windows-amd64)
Heap:
 garbage-first heap   total 312320K, used 102908K [0x0000000702400000, 0x0000000800000000)
  region size 1024K, 54 young (55296K), 16 survivors (16384K)
 Metaspace       used 65888K, capacity 66812K, committed 67080K, reserved 1107968K
  class space    used 7492K, capacity 7858K, committed 7936K, reserved 1048576K
GC Heap History (16 events):
Event: 0.504 GC heap before
{Heap before GC invocations=0 (full 0):
 garbage-first heap   total 260096K, used 28672K [0x0000000702400000, 0x0000000800000000)
  region size 1024K, 24 young (24576K), 0 survivors (0K)
 Metaspace       used 12082K, capacity 12280K, committed 12544K, reserved 1060864K
  class space    used 1116K, capacity 1175K, committed 1280K, reserved 1048576K
}
Event: 0.506 GC heap after
{Heap after GC invocations=1 (full 0):
 garbage-first heap   total 260096K, used 6677K [0x0000000702400000, 0x0000000800000000)
  region size 1024K, 3 young (3072K), 3 survivors (3072K)
 Metaspace       used 12082K, capacity 12280K, committed 12544K, reserved 1060864K
  class space    used 1116K, capacity 1175K, committed 1280K, reserved 1048576K
}
Event: 1.111 GC heap before
{Heap before GC invocations=1 (full 0):
 garbage-first heap   total 260096K, used 45589K [0x0000000702400000, 0x0000000800000000)
  region size 1024K, 42 young (43008K), 3 survivors (3072K)
 Metaspace       used 20877K, capacity 21164K, committed 21296K, reserved 1069056K
  class space    used 2254K, capacity 2377K, committed 2432K, reserved 1048576K
}
Event: 1.117 GC heap after
{Heap after GC invocations=2 (full 0):
 garbage-first heap   total 260096K, used 10539K [0x0000000702400000, 0x0000000800000000)
  region size 1024K, 7 young (7168K), 7 survivors (7168K)
 Metaspace       used 20877K, capacity 21164K, committed 21296K, reserved 1069056K
  class space    used 2254K, capacity 2377K, committed 2432K, reserved 1048576K
}
Event: 1.877 GC heap before
{Heap before GC invocations=3 (full 0):
 garbage-first heap   total 260096K, used 70955K [0x0000000702400000, 0x0000000800000000)
  region size 1024K, 60 young (61440K), 7 survivors (7168K)
 Metaspace       used 32031K, capacity 32606K, committed 32944K, reserved 1079296K
  class space    used 3793K, capacity 4016K, committed 4096K, reserved 1048576K
}
Event: 1.887 GC heap after
{Heap after GC invocations=4 (full 0):
 garbage-first heap   total 260096K, used 23683K [0x0000000702400000, 0x0000000800000000)
  region size 1024K, 8 young (8192K), 8 survivors (8192K)
 Metaspace       used 32031K, capacity 32606K, committed 32944K, reserved 1079296K
  class space    used 3793K, capacity 4016K, committed 4096K, reserved 1048576K
}
Event: 1.933 GC heap before
{Heap before GC invocations=4 (full 0):
 garbage-first heap   total 260096K, used 28803K [0x0000000702400000, 0x0000000800000000)
  region size 1024K, 13 young (13312K), 8 survivors (8192K)
 Metaspace       used 32325K, capacity 32900K, committed 33200K, reserved 1079296K
  class space    used 3823K, capacity 4050K, committed 4096K, reserved 1048576K
}
Event: 1.939 GC heap after
{Heap after GC invocations=5 (full 0):
 garbage-first heap   total 260096K, used 25670K [0x0000000702400000, 0x0000000800000000)
  region size 1024K, 2 young (2048K), 2 survivors (2048K)
 Metaspace       used 32325K, capacity 32900K, committed 33200K, reserved 1079296K
  class space    used 3823K, capacity 4050K, committed 4096K, reserved 1048576K
}
Event: 2.185 GC heap before
{Heap before GC invocations=5 (full 0):
 garbage-first heap   total 260096K, used 42054K [0x0000000702400000, 0x0000000800000000)
  region size 1024K, 19 young (19456K), 2 survivors (2048K)
 Metaspace       used 35229K, capacity 35696K, committed 35920K, reserved 1081344K
  class space    used 4327K, capacity 4532K, committed 4608K, reserved 1048576K
}
Event: 2.187 GC heap after
{Heap after GC invocations=6 (full 0):
 garbage-first heap   total 260096K, used 25990K [0x0000000702400000, 0x0000000800000000)
  region size 1024K, 2 young (2048K), 2 survivors (2048K)
 Metaspace       used 35229K, capacity 35696K, committed 35920K, reserved 1081344K
  class space    used 4327K, capacity 4532K, committed 4608K, reserved 1048576K
}
Event: 3.639 GC heap before
{Heap before GC invocations=7 (full 0):
 garbage-first heap   total 260096K, used 124294K [0x0000000702400000, 0x0000000800000000)
  region size 1024K, 96 young (98304K), 2 survivors (2048K)
 Metaspace       used 51583K, capacity 52300K, committed 52432K, reserved 1095680K
  class space    used 5982K, capacity 6260K, committed 6272K, reserved 1048576K
}
Event: 3.651 GC heap after
{Heap after GC invocations=8 (full 0):
 garbage-first heap   total 260096K, used 39293K [0x0000000702400000, 0x0000000800000000)
  region size 1024K, 12 young (12288K), 12 survivors (12288K)
 Metaspace       used 51583K, capacity 52300K, committed 52432K, reserved 1095680K
  class space    used 5982K, capacity 6260K, committed 6272K, reserved 1048576K
}
Event: 4.591 GC heap before
{Heap before GC invocations=8 (full 0):
 garbage-first heap   total 260096K, used 119165K [0x0000000702400000, 0x0000000800000000)
  region size 1024K, 90 young (92160K), 12 survivors (12288K)
 Metaspace       used 59324K, capacity 60175K, committed 60296K, reserved 1101824K
  class space    used 6922K, capacity 7285K, committed 7296K, reserved 1048576K
}
Event: 4.630 GC heap after
{Heap after GC invocations=9 (full 0):
 garbage-first heap   total 312320K, used 48954K [0x0000000702400000, 0x0000000800000000)
  region size 1024K, 10 young (10240K), 10 survivors (10240K)
 Metaspace       used 59324K, capacity 60175K, committed 60296K, reserved 1101824K
  class space    used 6922K, capacity 7285K, committed 7296K, reserved 1048576K
}
Event: 6.235 GC heap before
{Heap before GC invocations=10 (full 0):
 garbage-first heap   total 312320K, used 163642K [0x0000000702400000, 0x0000000800000000)
  region size 1024K, 122 young (124928K), 10 survivors (10240K)
 Metaspace       used 64830K, capacity 65744K, committed 65928K, reserved 1107968K
  class space    used 7413K, capacity 7782K, committed 7808K, reserved 1048576K
}
Event: 6.252 GC heap after
{Heap after GC invocations=11 (full 0):
 garbage-first heap   total 312320K, used 65020K [0x0000000702400000, 0x0000000800000000)
  region size 1024K, 16 young (16384K), 16 survivors (16384K)
 Metaspace       used 64830K, capacity 65744K, committed 65928K, reserved 1107968K
  class space    used 7413K, capacity 7782K, committed 7808K, reserved 1048576K
}

