# JRE version: OpenJDK Runtime Environment (17.0.6) (build 17.0.6+0-b2043.56-9586694)
# Java VM: OpenJDK 64-Bit Server VM (17.0.6+0-b2043.56-9586694, mixed mode, tiered, compressed oops, compressed class ptrs, g1 gc, windows-amd64)
GC Precious Log:
 CPUs: 8 total, 8 available
 Memory: 16236M
 Large Page Support: Disabled
 NUMA Support: Disabled
 Compressed Oops: Enabled (32-bit)
 Heap Region Size: 1M
 Heap Min Capacity: 8M
 Heap Initial Capacity: 254M
 Heap Max Capacity: 2G
 Pre-touch: Disabled
 Parallel Workers: 8
 Concurrent Workers: 2
 Concurrent Refinement Workers: 8
 Periodic GC: Disabled
Heap:
 garbage-first heap   total 304128K, used 161173K [0x0000000080000000, 0x0000000100000000)
  region size 1024K, 5 young (5120K), 5 survivors (5120K)
 Metaspace       used 105813K, committed 106688K, reserved 1146880K
  class space    used 14190K, committed 14592K, reserved 1048576K
GC Heap History (20 events):
Event: 16.672 GC heap after
{Heap after GC invocations=47 (full 0):
 garbage-first heap   total 292864K, used 145429K [0x0000000080000000, 0x0000000100000000)
  region size 1024K, 5 young (5120K), 5 survivors (5120K)
 Metaspace       used 101637K, committed 102400K, reserved 1138688K
  class space    used 13705K, committed 14080K, reserved 1048576K
}
Event: 17.289 GC heap before
{Heap before GC invocations=47 (full 0):
 garbage-first heap   total 292864K, used 256021K [0x0000000080000000, 0x0000000100000000)
  region size 1024K, 103 young (105472K), 5 survivors (5120K)
 Metaspace       used 103453K, committed 104128K, reserved 1138688K
  class space    used 13936K, committed 14272K, reserved 1048576K
}
Event: 17.296 GC heap after
{Heap after GC invocations=48 (full 0):
 garbage-first heap   total 292864K, used 162341K [0x0000000080000000, 0x0000000100000000)
  region size 1024K, 9 young (9216K), 9 survivors (9216K)
 Metaspace       used 103453K, committed 104128K, reserved 1138688K
  class space    used 13936K, committed 14272K, reserved 1048576K
}
Event: 17.312 GC heap before
{Heap before GC invocations=48 (full 0):
 garbage-first heap   total 292864K, used 171557K [0x0000000080000000, 0x0000000100000000)
  region size 1024K, 10 young (10240K), 9 survivors (9216K)
 Metaspace       used 103454K, committed 104128K, reserved 1138688K
  class space    used 13936K, committed 14272K, reserved 1048576K
}
Event: 17.319 GC heap after
{Heap after GC invocations=49 (full 0):
 garbage-first heap   total 292864K, used 172021K [0x0000000080000000, 0x0000000100000000)
  region size 1024K, 6 young (6144K), 6 survivors (6144K)
 Metaspace       used 103454K, committed 104128K, reserved 1138688K
  class space    used 13936K, committed 14272K, reserved 1048576K
}
Event: 17.334 GC heap before
{Heap before GC invocations=49 (full 0):
 garbage-first heap   total 292864K, used 181237K [0x0000000080000000, 0x0000000100000000)
  region size 1024K, 7 young (7168K), 6 survivors (6144K)
 Metaspace       used 103454K, committed 104128K, reserved 1138688K
  class space    used 13936K, committed 14272K, reserved 1048576K
}
Event: 17.338 GC heap after
{Heap after GC invocations=50 (full 0):
 garbage-first heap   total 292864K, used 168548K [0x0000000080000000, 0x0000000100000000)
  region size 1024K, 6 young (6144K), 6 survivors (6144K)
 Metaspace       used 103454K, committed 104128K, reserved 1138688K
  class space    used 13936K, committed 14272K, reserved 1048576K
}
Event: 35.702 GC heap before
{Heap before GC invocations=51 (full 0):
 garbage-first heap   total 292864K, used 282212K [0x0000000080000000, 0x0000000100000000)
  region size 1024K, 37 young (37888K), 6 survivors (6144K)
 Metaspace       used 104569K, committed 105344K, reserved 1146880K
  class space    used 14113K, committed 14528K, reserved 1048576K
}
Event: 35.708 GC heap after
{Heap after GC invocations=52 (full 0):
 garbage-first heap   total 292864K, used 151826K [0x0000000080000000, 0x0000000100000000)
  region size 1024K, 7 young (7168K), 7 survivors (7168K)
 Metaspace       used 104569K, committed 105344K, reserved 1146880K
  class space    used 14113K, committed 14528K, reserved 1048576K
}
Event: 35.754 GC heap before
{Heap before GC invocations=52 (full 0):
 garbage-first heap   total 292864K, used 157970K [0x0000000080000000, 0x0000000100000000)
  region size 1024K, 14 young (14336K), 7 survivors (7168K)
 Metaspace       used 104598K, committed 105344K, reserved 1146880K
  class space    used 14113K, committed 14528K, reserved 1048576K
}
Event: 35.758 GC heap after
{Heap after GC invocations=53 (full 0):
 garbage-first heap   total 292864K, used 150296K [0x0000000080000000, 0x0000000100000000)
  region size 1024K, 2 young (2048K), 2 survivors (2048K)
 Metaspace       used 104598K, committed 105344K, reserved 1146880K
  class space    used 14113K, committed 14528K, reserved 1048576K
}
Event: 36.653 GC heap before
{Heap before GC invocations=53 (full 0):
 garbage-first heap   total 292864K, used 248600K [0x0000000080000000, 0x0000000100000000)
  region size 1024K, 99 young (101376K), 2 survivors (2048K)
 Metaspace       used 105349K, committed 106176K, reserved 1146880K
  class space    used 14165K, committed 14592K, reserved 1048576K
}
Event: 36.664 GC heap after
{Heap after GC invocations=54 (full 0):
 garbage-first heap   total 292864K, used 160654K [0x0000000080000000, 0x0000000100000000)
  region size 1024K, 12 young (12288K), 12 survivors (12288K)
 Metaspace       used 105349K, committed 106176K, reserved 1146880K
  class space    used 14165K, committed 14592K, reserved 1048576K
}
Event: 37.155 GC heap before
{Heap before GC invocations=54 (full 0):
 garbage-first heap   total 292864K, used 243598K [0x0000000080000000, 0x0000000100000000)
  region size 1024K, 94 young (96256K), 12 survivors (12288K)
 Metaspace       used 105597K, committed 106432K, reserved 1146880K
  class space    used 14172K, committed 14592K, reserved 1048576K
}
Event: 37.167 GC heap after
{Heap after GC invocations=55 (full 0):
 garbage-first heap   total 292864K, used 164303K [0x0000000080000000, 0x0000000100000000)
  region size 1024K, 4 young (4096K), 4 survivors (4096K)
 Metaspace       used 105597K, committed 106432K, reserved 1146880K
  class space    used 14172K, committed 14592K, reserved 1048576K
}
Event: 39.102 GC heap before
{Heap before GC invocations=56 (full 0):
 garbage-first heap   total 304128K, used 245199K [0x0000000080000000, 0x0000000100000000)
  region size 1024K, 84 young (86016K), 4 survivors (4096K)
 Metaspace       used 105751K, committed 106560K, reserved 1146880K
  class space    used 14189K, committed 14592K, reserved 1048576K
}
Event: 39.109 GC heap after
{Heap after GC invocations=57 (full 0):
 garbage-first heap   total 304128K, used 173699K [0x0000000080000000, 0x0000000100000000)
  region size 1024K, 11 young (11264K), 11 survivors (11264K)
 Metaspace       used 105751K, committed 106560K, reserved 1146880K
  class space    used 14189K, committed 14592K, reserved 1048576K
}
Event: 39.116 GC heap before
{Heap before GC invocations=57 (full 0):
 garbage-first heap   total 304128K, used 175747K [0x0000000080000000, 0x0000000100000000)
  region size 1024K, 14 young (14336K), 11 survivors (11264K)
 Metaspace       used 105751K, committed 106560K, reserved 1146880K
  class space    used 14189K, committed 14592K, reserved 1048576K
}
Event: 39.129 GC heap after
{Heap after GC invocations=58 (full 0):
 garbage-first heap   total 304128K, used 158983K [0x0000000080000000, 0x0000000100000000)
  region size 1024K, 2 young (2048K), 2 survivors (2048K)
 Metaspace       used 105751K, committed 106560K, reserved 1146880K
  class space    used 14189K, committed 14592K, reserved 1048576K
}
Event: 39.731 GC heap before
{Heap before GC invocations=58 (full 0):
 garbage-first heap   total 304128K, used 249095K [0x0000000080000000, 0x0000000100000000)
  region size 1024K, 91 young (93184K), 2 survivors (2048K)
 Metaspace       used 105813K, committed 106688K, reserved 1146880K
  class space    used 14190K, committed 14592K, reserved 1048576K
}

