# JRE version: OpenJDK Runtime Environment (17.0.6) (build 17.0.6+0-b2043.56-9586694)
# Java VM: OpenJDK 64-Bit Server VM (17.0.6+0-b2043.56-9586694, mixed mode, tiered, compressed oops, compressed class ptrs, g1 gc, windows-amd64)
GC Precious Log:
 CPUs: 8 total, 8 available
 Memory: 16236M
 Large Page Support: Disabled
 NUMA Support: Disabled
 Compressed Oops: Enabled (32-bit)
 Heap Region Size: 1M
 Heap Min Capacity: 8M
 Heap Initial Capacity: 254M
 Heap Max Capacity: 2G
 Pre-touch: Disabled
 Parallel Workers: 8
 Concurrent Workers: 2
 Concurrent Refinement Workers: 8
 Periodic GC: Disabled
Heap:
 garbage-first heap   total 78848K, used 46213K [0x0000000080000000, 0x0000000100000000)
  region size 1024K, 6 young (6144K), 4 survivors (4096K)
 Metaspace       used 50847K, committed 51264K, reserved 1097728K
  class space    used 6702K, committed 6912K, reserved 1048576K
GC Heap History (20 events):
Event: 2.234 GC heap before
{Heap before GC invocations=4 (full 0):
 garbage-first heap   total 65536K, used 47343K [0x0000000080000000, 0x0000000100000000)
  region size 1024K, 38 young (38912K), 8 survivors (8192K)
 Metaspace       used 26279K, committed 26560K, reserved 1073152K
  class space    used 3475K, committed 3584K, reserved 1048576K
}
Event: 2.238 GC heap after
{Heap after GC invocations=5 (full 0):
 garbage-first heap   total 65536K, used 19392K [0x0000000080000000, 0x0000000100000000)
  region size 1024K, 3 young (3072K), 3 survivors (3072K)
 Metaspace       used 26279K, committed 26560K, reserved 1073152K
  class space    used 3475K, committed 3584K, reserved 1048576K
}
Event: 2.555 GC heap before
{Heap before GC invocations=5 (full 0):
 garbage-first heap   total 65536K, used 43968K [0x0000000080000000, 0x0000000100000000)
  region size 1024K, 27 young (27648K), 3 survivors (3072K)
 Metaspace       used 30155K, committed 30464K, reserved 1081344K
  class space    used 4097K, committed 4224K, reserved 1048576K
}
Event: 2.558 GC heap after
{Heap after GC invocations=6 (full 0):
 garbage-first heap   total 65536K, used 20493K [0x0000000080000000, 0x0000000100000000)
  region size 1024K, 4 young (4096K), 4 survivors (4096K)
 Metaspace       used 30155K, committed 30464K, reserved 1081344K
  class space    used 4097K, committed 4224K, reserved 1048576K
}
Event: 2.865 GC heap before
{Heap before GC invocations=6 (full 0):
 garbage-first heap   total 65536K, used 45069K [0x0000000080000000, 0x0000000100000000)
  region size 1024K, 28 young (28672K), 4 survivors (4096K)
 Metaspace       used 34205K, committed 34560K, reserved 1081344K
  class space    used 4755K, committed 4928K, reserved 1048576K
}
Event: 2.869 GC heap after
{Heap after GC invocations=7 (full 0):
 garbage-first heap   total 65536K, used 22290K [0x0000000080000000, 0x0000000100000000)
  region size 1024K, 4 young (4096K), 4 survivors (4096K)
 Metaspace       used 34205K, committed 34560K, reserved 1081344K
  class space    used 4755K, committed 4928K, reserved 1048576K
}
Event: 2.963 GC heap before
{Heap before GC invocations=7 (full 0):
 garbage-first heap   total 65536K, used 26386K [0x0000000080000000, 0x0000000100000000)
  region size 1024K, 9 young (9216K), 4 survivors (4096K)
 Metaspace       used 35672K, committed 35968K, reserved 1081344K
  class space    used 4855K, committed 4992K, reserved 1048576K
}
Event: 2.966 GC heap after
{Heap after GC invocations=8 (full 0):
 garbage-first heap   total 65536K, used 23060K [0x0000000080000000, 0x0000000100000000)
  region size 1024K, 3 young (3072K), 3 survivors (3072K)
 Metaspace       used 35672K, committed 35968K, reserved 1081344K
  class space    used 4855K, committed 4992K, reserved 1048576K
}
Event: 3.202 GC heap before
{Heap before GC invocations=9 (full 0):
 garbage-first heap   total 65536K, used 45588K [0x0000000080000000, 0x0000000100000000)
  region size 1024K, 26 young (26624K), 3 survivors (3072K)
 Metaspace       used 39661K, committed 39936K, reserved 1089536K
  class space    used 5272K, committed 5376K, reserved 1048576K
}
Event: 3.206 GC heap after
{Heap after GC invocations=10 (full 0):
 garbage-first heap   total 65536K, used 26694K [0x0000000080000000, 0x0000000100000000)
  region size 1024K, 4 young (4096K), 4 survivors (4096K)
 Metaspace       used 39661K, committed 39936K, reserved 1089536K
  class space    used 5272K, committed 5376K, reserved 1048576K
}
Event: 3.408 GC heap before
{Heap before GC invocations=10 (full 0):
 garbage-first heap   total 65536K, used 50246K [0x0000000080000000, 0x0000000100000000)
  region size 1024K, 25 young (25600K), 4 survivors (4096K)
 Metaspace       used 41788K, committed 42176K, reserved 1089536K
  class space    used 5464K, committed 5632K, reserved 1048576K
}
Event: 3.412 GC heap after
{Heap after GC invocations=11 (full 0):
 garbage-first heap   total 65536K, used 28652K [0x0000000080000000, 0x0000000100000000)
  region size 1024K, 3 young (3072K), 3 survivors (3072K)
 Metaspace       used 41788K, committed 42176K, reserved 1089536K
  class space    used 5464K, committed 5632K, reserved 1048576K
}
Event: 3.621 GC heap before
{Heap before GC invocations=11 (full 0):
 garbage-first heap   total 65536K, used 49132K [0x0000000080000000, 0x0000000100000000)
  region size 1024K, 23 young (23552K), 3 survivors (3072K)
 Metaspace       used 43523K, committed 43968K, reserved 1089536K
  class space    used 5746K, committed 5952K, reserved 1048576K
}
Event: 3.624 GC heap after
{Heap after GC invocations=12 (full 0):
 garbage-first heap   total 78848K, used 30565K [0x0000000080000000, 0x0000000100000000)
  region size 1024K, 2 young (2048K), 2 survivors (2048K)
 Metaspace       used 43523K, committed 43968K, reserved 1089536K
  class space    used 5746K, committed 5952K, reserved 1048576K
}
Event: 3.954 GC heap before
{Heap before GC invocations=12 (full 0):
 garbage-first heap   total 78848K, used 60261K [0x0000000080000000, 0x0000000100000000)
  region size 1024K, 30 young (30720K), 2 survivors (2048K)
 Metaspace       used 47601K, committed 48000K, reserved 1097728K
  class space    used 6301K, committed 6464K, reserved 1048576K
}
Event: 3.957 GC heap after
{Heap after GC invocations=13 (full 0):
 garbage-first heap   total 78848K, used 32046K [0x0000000080000000, 0x0000000100000000)
  region size 1024K, 4 young (4096K), 4 survivors (4096K)
 Metaspace       used 47601K, committed 48000K, reserved 1097728K
  class space    used 6301K, committed 6464K, reserved 1048576K
}
Event: 4.538 GC heap before
{Heap before GC invocations=13 (full 0):
 garbage-first heap   total 78848K, used 59694K [0x0000000080000000, 0x0000000100000000)
  region size 1024K, 31 young (31744K), 4 survivors (4096K)
 Metaspace       used 50428K, committed 50880K, reserved 1097728K
  class space    used 6665K, committed 6848K, reserved 1048576K
}
Event: 4.541 GC heap after
{Heap after GC invocations=14 (full 0):
 garbage-first heap   total 78848K, used 33914K [0x0000000080000000, 0x0000000100000000)
  region size 1024K, 4 young (4096K), 4 survivors (4096K)
 Metaspace       used 50428K, committed 50880K, reserved 1097728K
  class space    used 6665K, committed 6848K, reserved 1048576K
}
Event: 5.119 GC heap before
{Heap before GC invocations=14 (full 0):
 garbage-first heap   total 78848K, used 62586K [0x0000000080000000, 0x0000000100000000)
  region size 1024K, 30 young (30720K), 4 survivors (4096K)
 Metaspace       used 50847K, committed 51264K, reserved 1097728K
  class space    used 6702K, committed 6912K, reserved 1048576K
}
Event: 5.123 GC heap after
{Heap after GC invocations=15 (full 0):
 garbage-first heap   total 78848K, used 44165K [0x0000000080000000, 0x0000000100000000)
  region size 1024K, 4 young (4096K), 4 survivors (4096K)
 Metaspace       used 50847K, committed 51264K, reserved 1097728K
  class space    used 6702K, committed 6912K, reserved 1048576K
}

