# JRE version: OpenJDK Runtime Environment (17.0.6) (build 17.0.6+0-b2043.56-9586694)
# Java VM: OpenJDK 64-Bit Server VM (17.0.6+0-b2043.56-9586694, mixed mode, tiered, compressed oops, compressed class ptrs, g1 gc, windows-amd64)
GC Precious Log:
 CPUs: 8 total, 8 available
 Memory: 16236M
 Large Page Support: Disabled
 NUMA Support: Disabled
 Compressed Oops: Enabled (32-bit)
 Heap Region Size: 1M
 Heap Min Capacity: 8M
 Heap Initial Capacity: 254M
 Heap Max Capacity: 2G
 Pre-touch: Disabled
 Parallel Workers: 8
 Concurrent Workers: 2
 Concurrent Refinement Workers: 8
 Periodic GC: Disabled
Heap:
 garbage-first heap   total 101376K, used 73483K [0x0000000080000000, 0x0000000100000000)
  region size 1024K, 17 young (17408K), 1 survivors (1024K)
 Metaspace       used 60272K, committed 60800K, reserved 1105920K
  class space    used 7894K, committed 8128K, reserved 1048576K
GC Heap History (20 events):
Event: 4.371 GC heap before
{Heap before GC invocations=12 (full 0):
 garbage-first heap   total 65536K, used 47412K [0x0000000080000000, 0x0000000100000000)
  region size 1024K, 22 young (22528K), 3 survivors (3072K)
 Metaspace       used 42441K, committed 42752K, reserved 1089536K
  class space    used 5551K, committed 5696K, reserved 1048576K
}
Event: 4.376 GC heap after
{Heap after GC invocations=13 (full 0):
 garbage-first heap   total 65536K, used 30046K [0x0000000080000000, 0x0000000100000000)
  region size 1024K, 3 young (3072K), 3 survivors (3072K)
 Metaspace       used 42441K, committed 42752K, reserved 1089536K
  class space    used 5551K, committed 5696K, reserved 1048576K
}
Event: 4.755 GC heap before
{Heap before GC invocations=13 (full 0):
 garbage-first heap   total 65536K, used 48478K [0x0000000080000000, 0x0000000100000000)
  region size 1024K, 21 young (21504K), 3 survivors (3072K)
 Metaspace       used 45572K, committed 45952K, reserved 1089536K
  class space    used 5929K, committed 6080K, reserved 1048576K
}
Event: 4.759 GC heap after
{Heap after GC invocations=14 (full 0):
 garbage-first heap   total 65536K, used 31303K [0x0000000080000000, 0x0000000100000000)
  region size 1024K, 2 young (2048K), 2 survivors (2048K)
 Metaspace       used 45572K, committed 45952K, reserved 1089536K
  class space    used 5929K, committed 6080K, reserved 1048576K
}
Event: 5.144 GC heap before
{Heap before GC invocations=14 (full 0):
 garbage-first heap   total 65536K, used 49735K [0x0000000080000000, 0x0000000100000000)
  region size 1024K, 20 young (20480K), 2 survivors (2048K)
 Metaspace       used 47824K, committed 48192K, reserved 1097728K
  class space    used 6287K, committed 6464K, reserved 1048576K
}
Event: 5.164 GC heap after
{Heap after GC invocations=15 (full 0):
 garbage-first heap   total 78848K, used 32214K [0x0000000080000000, 0x0000000100000000)
  region size 1024K, 3 young (3072K), 3 survivors (3072K)
 Metaspace       used 47824K, committed 48192K, reserved 1097728K
  class space    used 6287K, committed 6464K, reserved 1048576K
}
Event: 5.965 GC heap before
{Heap before GC invocations=16 (full 0):
 garbage-first heap   total 78848K, used 59862K [0x0000000080000000, 0x0000000100000000)
  region size 1024K, 30 young (30720K), 3 survivors (3072K)
 Metaspace       used 49910K, committed 50304K, reserved 1097728K
  class space    used 6564K, committed 6720K, reserved 1048576K
}
Event: 5.969 GC heap after
{Heap after GC invocations=17 (full 0):
 garbage-first heap   total 78848K, used 34463K [0x0000000080000000, 0x0000000100000000)
  region size 1024K, 4 young (4096K), 4 survivors (4096K)
 Metaspace       used 49910K, committed 50304K, reserved 1097728K
  class space    used 6564K, committed 6720K, reserved 1048576K
}
Event: 6.215 GC heap before
{Heap before GC invocations=17 (full 0):
 garbage-first heap   total 78848K, used 62111K [0x0000000080000000, 0x0000000100000000)
  region size 1024K, 30 young (30720K), 4 survivors (4096K)
 Metaspace       used 50296K, committed 50752K, reserved 1097728K
  class space    used 6594K, committed 6784K, reserved 1048576K
}
Event: 6.218 GC heap after
{Heap after GC invocations=18 (full 0):
 garbage-first heap   total 78848K, used 43150K [0x0000000080000000, 0x0000000100000000)
  region size 1024K, 4 young (4096K), 4 survivors (4096K)
 Metaspace       used 50296K, committed 50752K, reserved 1097728K
  class space    used 6594K, committed 6784K, reserved 1048576K
}
Event: 6.220 GC heap before
{Heap before GC invocations=18 (full 0):
 garbage-first heap   total 78848K, used 43150K [0x0000000080000000, 0x0000000100000000)
  region size 1024K, 5 young (5120K), 4 survivors (4096K)
 Metaspace       used 50302K, committed 50752K, reserved 1097728K
  class space    used 6594K, committed 6784K, reserved 1048576K
}
Event: 6.222 GC heap after
{Heap after GC invocations=19 (full 0):
 garbage-first heap   total 78848K, used 44465K [0x0000000080000000, 0x0000000100000000)
  region size 1024K, 1 young (1024K), 1 survivors (1024K)
 Metaspace       used 50302K, committed 50752K, reserved 1097728K
  class space    used 6594K, committed 6784K, reserved 1048576K
}
Event: 6.401 GC heap before
{Heap before GC invocations=20 (full 0):
 garbage-first heap   total 97280K, used 68017K [0x0000000080000000, 0x0000000100000000)
  region size 1024K, 16 young (16384K), 1 survivors (1024K)
 Metaspace       used 51549K, committed 52032K, reserved 1097728K
  class space    used 6758K, committed 6976K, reserved 1048576K
}
Event: 6.403 GC heap after
{Heap after GC invocations=21 (full 0):
 garbage-first heap   total 97280K, used 57350K [0x0000000080000000, 0x0000000100000000)
  region size 1024K, 2 young (2048K), 2 survivors (2048K)
 Metaspace       used 51549K, committed 52032K, reserved 1097728K
  class space    used 6758K, committed 6976K, reserved 1048576K
}
Event: 6.614 GC heap before
{Heap before GC invocations=21 (full 0):
 garbage-first heap   total 97280K, used 72710K [0x0000000080000000, 0x0000000100000000)
  region size 1024K, 17 young (17408K), 2 survivors (2048K)
 Metaspace       used 53809K, committed 54208K, reserved 1097728K
  class space    used 7061K, committed 7232K, reserved 1048576K
}
Event: 6.617 GC heap after
{Heap after GC invocations=22 (full 0):
 garbage-first heap   total 97280K, used 57808K [0x0000000080000000, 0x0000000100000000)
  region size 1024K, 1 young (1024K), 1 survivors (1024K)
 Metaspace       used 53809K, committed 54208K, reserved 1097728K
  class space    used 7061K, committed 7232K, reserved 1048576K
}
Event: 6.930 GC heap before
{Heap before GC invocations=23 (full 0):
 garbage-first heap   total 101376K, used 73168K [0x0000000080000000, 0x0000000100000000)
  region size 1024K, 17 young (17408K), 1 survivors (1024K)
 Metaspace       used 56810K, committed 57280K, reserved 1105920K
  class space    used 7438K, committed 7680K, reserved 1048576K
}
Event: 6.931 GC heap after
{Heap after GC invocations=24 (full 0):
 garbage-first heap   total 101376K, used 58553K [0x0000000080000000, 0x0000000100000000)
  region size 1024K, 2 young (2048K), 2 survivors (2048K)
 Metaspace       used 56810K, committed 57280K, reserved 1105920K
  class space    used 7438K, committed 7680K, reserved 1048576K
}
Event: 6.950 GC heap before
{Heap before GC invocations=24 (full 0):
 garbage-first heap   total 101376K, used 60601K [0x0000000080000000, 0x0000000100000000)
  region size 1024K, 4 young (4096K), 2 survivors (2048K)
 Metaspace       used 57235K, committed 57664K, reserved 1105920K
  class space    used 7478K, committed 7680K, reserved 1048576K
}
Event: 6.952 GC heap after
{Heap after GC invocations=25 (full 0):
 garbage-first heap   total 101376K, used 58123K [0x0000000080000000, 0x0000000100000000)
  region size 1024K, 1 young (1024K), 1 survivors (1024K)
 Metaspace       used 57235K, committed 57664K, reserved 1105920K
  class space    used 7478K, committed 7680K, reserved 1048576K
}

