# JRE version: OpenJDK Runtime Environment (11.0.13) (build 11.0.13+0-b1751.21-8125866)
# Java VM: OpenJDK 64-Bit Server VM (11.0.13+0-b1751.21-8125866, mixed mode, tiered, compressed oops, g1 gc, windows-amd64)
Heap:
 garbage-first heap   total 260096K, used 19413K [0x0000000080000000, 0x0000000100000000)
  region size 1024K, 5 young (5120K), 2 survivors (2048K)
 Metaspace       used 20552K, capacity 20946K, committed 21120K, reserved 1079296K
  class space    used 2501K, capacity 2647K, committed 2688K, reserved 1048576K
GC Heap History (8 events):
Event: 0.624 GC heap before
{Heap before GC invocations=0 (full 0):
 garbage-first heap   total 260096K, used 29696K [0x0000000080000000, 0x0000000100000000)
  region size 1024K, 24 young (24576K), 0 survivors (0K)
 Metaspace       used 10090K, capacity 10330K, committed 10624K, reserved 1058816K
  class space    used 1038K, capacity 1107K, committed 1152K, reserved 1048576K
}
Event: 0.628 GC heap after
{Heap after GC invocations=1 (full 0):
 garbage-first heap   total 260096K, used 9216K [0x0000000080000000, 0x0000000100000000)
  region size 1024K, 3 young (3072K), 3 survivors (3072K)
 Metaspace       used 10090K, capacity 10330K, committed 10624K, reserved 1058816K
  class space    used 1038K, capacity 1107K, committed 1152K, reserved 1048576K
}
Event: 2.617 GC heap before
{Heap before GC invocations=1 (full 0):
 garbage-first heap   total 260096K, used 80896K [0x0000000080000000, 0x0000000100000000)
  region size 1024K, 73 young (74752K), 3 survivors (3072K)
 Metaspace       used 17267K, capacity 17639K, committed 17792K, reserved 1064960K
  class space    used 1985K, capacity 2141K, committed 2176K, reserved 1048576K
}
Event: 2.624 GC heap after
{Heap after GC invocations=2 (full 0):
 garbage-first heap   total 260096K, used 16161K [0x0000000080000000, 0x0000000100000000)
  region size 1024K, 10 young (10240K), 10 survivors (10240K)
 Metaspace       used 17267K, capacity 17639K, committed 17792K, reserved 1064960K
  class space    used 1985K, capacity 2141K, committed 2176K, reserved 1048576K
}
Event: 3.225 GC heap before
{Heap before GC invocations=2 (full 0):
 garbage-first heap   total 260096K, used 43809K [0x0000000080000000, 0x0000000100000000)
  region size 1024K, 38 young (38912K), 10 survivors (10240K)
 Metaspace       used 19846K, capacity 20221K, committed 20352K, reserved 1073152K
  class space    used 2418K, capacity 2575K, committed 2688K, reserved 1048576K
}
Event: 3.232 GC heap after
{Heap after GC invocations=3 (full 0):
 garbage-first heap   total 260096K, used 17497K [0x0000000080000000, 0x0000000100000000)
  region size 1024K, 2 young (2048K), 2 survivors (2048K)
 Metaspace       used 19846K, capacity 20221K, committed 20352K, reserved 1073152K
  class space    used 2418K, capacity 2575K, committed 2688K, reserved 1048576K
}
Event: 3.263 GC heap before
{Heap before GC invocations=4 (full 0):
 garbage-first heap   total 260096K, used 20569K [0x0000000080000000, 0x0000000100000000)
  region size 1024K, 6 young (6144K), 2 survivors (2048K)
 Metaspace       used 20144K, capacity 20527K, committed 20608K, reserved 1079296K
  class space    used 2453K, capacity 2614K, committed 2688K, reserved 1048576K
}
Event: 3.265 GC heap after
{Heap after GC invocations=5 (full 0):
 garbage-first heap   total 260096K, used 17365K [0x0000000080000000, 0x0000000100000000)
  region size 1024K, 2 young (2048K), 2 survivors (2048K)
 Metaspace       used 20144K, capacity 20527K, committed 20608K, reserved 1079296K
  class space    used 2453K, capacity 2614K, committed 2688K, reserved 1048576K
}

