# JRE version: OpenJDK Runtime Environment (17.0.6) (build 17.0.6+0-b2043.56-9586694)
# Java VM: OpenJDK 64-Bit Server VM (17.0.6+0-b2043.56-9586694, mixed mode, tiered, compressed oops, compressed class ptrs, g1 gc, windows-amd64)
GC Precious Log:
 CPUs: 8 total, 8 available
 Memory: 16236M
 Large Page Support: Disabled
 NUMA Support: Disabled
 Compressed Oops: Enabled (32-bit)
 Heap Region Size: 1M
 Heap Min Capacity: 8M
 Heap Initial Capacity: 254M
 Heap Max Capacity: 2G
 Pre-touch: Disabled
 Parallel Workers: 8
 Concurrent Workers: 2
 Concurrent Refinement Workers: 8
 Periodic GC: Disabled
Heap:
 garbage-first heap   total 356352K, used 277026K [0x0000000080000000, 0x0000000100000000)
  region size 1024K, 5 young (5120K), 5 survivors (5120K)
 Metaspace       used 145521K, committed 146496K, reserved 1179648K
  class space    used 19457K, committed 19904K, reserved 1048576K
GC Heap History (20 events):
Event: 53.903 GC heap after
{Heap after GC invocations=66 (full 0):
 garbage-first heap   total 356352K, used 230421K [0x0000000080000000, 0x0000000100000000)
  region size 1024K, 7 young (7168K), 7 survivors (7168K)
 Metaspace       used 137321K, committed 138176K, reserved 1171456K
  class space    used 18597K, committed 19008K, reserved 1048576K
}
Event: 53.929 GC heap before
{Heap before GC invocations=66 (full 0):
 garbage-first heap   total 356352K, used 250901K [0x0000000080000000, 0x0000000100000000)
  region size 1024K, 8 young (8192K), 7 survivors (7168K)
 Metaspace       used 137321K, committed 138176K, reserved 1171456K
  class space    used 18597K, committed 19008K, reserved 1048576K
}
Event: 53.935 GC heap after
{Heap after GC invocations=67 (full 0):
 garbage-first heap   total 356352K, used 230524K [0x0000000080000000, 0x0000000100000000)
  region size 1024K, 6 young (6144K), 6 survivors (6144K)
 Metaspace       used 137321K, committed 138176K, reserved 1171456K
  class space    used 18597K, committed 19008K, reserved 1048576K
}
Event: 53.959 GC heap before
{Heap before GC invocations=67 (full 0):
 garbage-first heap   total 356352K, used 248956K [0x0000000080000000, 0x0000000100000000)
  region size 1024K, 7 young (7168K), 6 survivors (6144K)
 Metaspace       used 137321K, committed 138176K, reserved 1171456K
  class space    used 18597K, committed 19008K, reserved 1048576K
}
Event: 53.963 GC heap after
{Heap after GC invocations=68 (full 0):
 garbage-first heap   total 356352K, used 232694K [0x0000000080000000, 0x0000000100000000)
  region size 1024K, 6 young (6144K), 6 survivors (6144K)
 Metaspace       used 137321K, committed 138176K, reserved 1171456K
  class space    used 18597K, committed 19008K, reserved 1048576K
}
Event: 199.861 GC heap before
{Heap before GC invocations=68 (full 0):
 garbage-first heap   total 356352K, used 321782K [0x0000000080000000, 0x0000000100000000)
  region size 1024K, 82 young (83968K), 6 survivors (6144K)
 Metaspace       used 138603K, committed 139456K, reserved 1171456K
  class space    used 18753K, committed 19136K, reserved 1048576K
}
Event: 199.868 GC heap after
{Heap after GC invocations=69 (full 0):
 garbage-first heap   total 356352K, used 211051K [0x0000000080000000, 0x0000000100000000)
  region size 1024K, 11 young (11264K), 11 survivors (11264K)
 Metaspace       used 138603K, committed 139456K, reserved 1171456K
  class space    used 18753K, committed 19136K, reserved 1048576K
}
Event: 202.199 GC heap before
{Heap before GC invocations=69 (full 0):
 garbage-first heap   total 356352K, used 305259K [0x0000000080000000, 0x0000000100000000)
  region size 1024K, 104 young (106496K), 11 survivors (11264K)
 Metaspace       used 140142K, committed 140992K, reserved 1171456K
  class space    used 18893K, committed 19264K, reserved 1048576K
}
Event: 202.210 GC heap after
{Heap after GC invocations=70 (full 0):
 garbage-first heap   total 356352K, used 215749K [0x0000000080000000, 0x0000000100000000)
  region size 1024K, 11 young (11264K), 11 survivors (11264K)
 Metaspace       used 140142K, committed 140992K, reserved 1171456K
  class space    used 18893K, committed 19264K, reserved 1048576K
}
Event: 203.631 GC heap before
{Heap before GC invocations=70 (full 0):
 garbage-first heap   total 356352K, used 303813K [0x0000000080000000, 0x0000000100000000)
  region size 1024K, 95 young (97280K), 11 survivors (11264K)
 Metaspace       used 141800K, committed 142656K, reserved 1179648K
  class space    used 19055K, committed 19456K, reserved 1048576K
}
Event: 203.658 GC heap after
{Heap after GC invocations=71 (full 0):
 garbage-first heap   total 356352K, used 237282K [0x0000000080000000, 0x0000000100000000)
  region size 1024K, 12 young (12288K), 12 survivors (12288K)
 Metaspace       used 141800K, committed 142656K, reserved 1179648K
  class space    used 19055K, committed 19456K, reserved 1048576K
}
Event: 204.754 GC heap before
{Heap before GC invocations=71 (full 0):
 garbage-first heap   total 356352K, used 297698K [0x0000000080000000, 0x0000000100000000)
  region size 1024K, 66 young (67584K), 12 survivors (12288K)
 Metaspace       used 142272K, committed 143168K, reserved 1179648K
  class space    used 19095K, committed 19520K, reserved 1048576K
}
Event: 204.766 GC heap after
{Heap after GC invocations=72 (full 0):
 garbage-first heap   total 356352K, used 249562K [0x0000000080000000, 0x0000000100000000)
  region size 1024K, 9 young (9216K), 9 survivors (9216K)
 Metaspace       used 142272K, committed 143168K, reserved 1179648K
  class space    used 19095K, committed 19520K, reserved 1048576K
}
Event: 205.382 GC heap before
{Heap before GC invocations=72 (full 0):
 garbage-first heap   total 356352K, used 294618K [0x0000000080000000, 0x0000000100000000)
  region size 1024K, 54 young (55296K), 9 survivors (9216K)
 Metaspace       used 144499K, committed 145408K, reserved 1179648K
  class space    used 19364K, committed 19776K, reserved 1048576K
}
Event: 205.392 GC heap after
{Heap after GC invocations=73 (full 0):
 garbage-first heap   total 356352K, used 253847K [0x0000000080000000, 0x0000000100000000)
  region size 1024K, 4 young (4096K), 4 survivors (4096K)
 Metaspace       used 144499K, committed 145408K, reserved 1179648K
  class space    used 19364K, committed 19776K, reserved 1048576K
}
Event: 205.577 GC heap before
{Heap before GC invocations=73 (full 0):
 garbage-first heap   total 356352K, used 291735K [0x0000000080000000, 0x0000000100000000)
  region size 1024K, 19 young (19456K), 4 survivors (4096K)
 Metaspace       used 144652K, committed 145536K, reserved 1179648K
  class space    used 19372K, committed 19776K, reserved 1048576K
}
Event: 205.585 GC heap after
{Heap after GC invocations=74 (full 0):
 garbage-first heap   total 356352K, used 263925K [0x0000000080000000, 0x0000000100000000)
  region size 1024K, 6 young (6144K), 6 survivors (6144K)
 Metaspace       used 144652K, committed 145536K, reserved 1179648K
  class space    used 19372K, committed 19776K, reserved 1048576K
}
Event: 205.675 GC heap before
{Heap before GC invocations=74 (full 0):
 garbage-first heap   total 356352K, used 305909K [0x0000000080000000, 0x0000000100000000)
  region size 1024K, 43 young (44032K), 6 survivors (6144K)
 Metaspace       used 145027K, committed 145856K, reserved 1179648K
  class space    used 19402K, committed 19776K, reserved 1048576K
}
Event: 205.682 GC heap after
{Heap after GC invocations=75 (full 0):
 garbage-first heap   total 356352K, used 267713K [0x0000000080000000, 0x0000000100000000)
  region size 1024K, 6 young (6144K), 6 survivors (6144K)
 Metaspace       used 145027K, committed 145856K, reserved 1179648K
  class space    used 19402K, committed 19776K, reserved 1048576K
}
Event: 205.725 GC heap before
{Heap before GC invocations=75 (full 0):
 garbage-first heap   total 356352K, used 299457K [0x0000000080000000, 0x0000000100000000)
  region size 1024K, 38 young (38912K), 6 survivors (6144K)
 Metaspace       used 145521K, committed 146496K, reserved 1179648K
  class space    used 19457K, committed 19904K, reserved 1048576K
}

