# JRE version: OpenJDK Runtime Environment (11.0.13) (build 11.0.13+0-b1751.21-8125866)
# Java VM: OpenJDK 64-Bit Server VM (11.0.13+0-b1751.21-8125866, mixed mode, tiered, compressed oops, g1 gc, windows-amd64)
Heap:
 garbage-first heap   total 312320K, used 48845K [0x0000000702400000, 0x0000000800000000)
  region size 1024K, 13 young (13312K), 13 survivors (13312K)
 Metaspace       used 59337K, capacity 60179K, committed 60296K, reserved 1101824K
  class space    used 6922K, capacity 7285K, committed 7296K, reserved 1048576K
GC Heap History (13 events):
Event: 0.457 GC heap before
{Heap before GC invocations=0 (full 0):
 garbage-first heap   total 260096K, used 28672K [0x0000000702400000, 0x0000000800000000)
  region size 1024K, 24 young (24576K), 0 survivors (0K)
 Metaspace       used 12083K, capacity 12280K, committed 12544K, reserved 1060864K
  class space    used 1116K, capacity 1175K, committed 1280K, reserved 1048576K
}
Event: 0.460 GC heap after
{Heap after GC invocations=1 (full 0):
 garbage-first heap   total 260096K, used 6668K [0x0000000702400000, 0x0000000800000000)
  region size 1024K, 3 young (3072K), 3 survivors (3072K)
 Metaspace       used 12083K, capacity 12280K, committed 12544K, reserved 1060864K
  class space    used 1116K, capacity 1175K, committed 1280K, reserved 1048576K
}
Event: 1.039 GC heap before
{Heap before GC invocations=1 (full 0):
 garbage-first heap   total 260096K, used 45580K [0x0000000702400000, 0x0000000800000000)
  region size 1024K, 42 young (43008K), 3 survivors (3072K)
 Metaspace       used 20875K, capacity 21164K, committed 21296K, reserved 1069056K
  class space    used 2253K, capacity 2377K, committed 2432K, reserved 1048576K
}
Event: 1.045 GC heap after
{Heap after GC invocations=2 (full 0):
 garbage-first heap   total 260096K, used 10645K [0x0000000702400000, 0x0000000800000000)
  region size 1024K, 7 young (7168K), 7 survivors (7168K)
 Metaspace       used 20875K, capacity 21164K, committed 21296K, reserved 1069056K
  class space    used 2253K, capacity 2377K, committed 2432K, reserved 1048576K
}
Event: 1.758 GC heap before
{Heap before GC invocations=3 (full 0):
 garbage-first heap   total 260096K, used 71061K [0x0000000702400000, 0x0000000800000000)
  region size 1024K, 60 young (61440K), 7 survivors (7168K)
 Metaspace       used 32019K, capacity 32542K, committed 32944K, reserved 1079296K
  class space    used 3790K, capacity 4016K, committed 4096K, reserved 1048576K
}
Event: 1.768 GC heap after
{Heap after GC invocations=4 (full 0):
 garbage-first heap   total 260096K, used 23933K [0x0000000702400000, 0x0000000800000000)
  region size 1024K, 8 young (8192K), 8 survivors (8192K)
 Metaspace       used 32019K, capacity 32542K, committed 32944K, reserved 1079296K
  class space    used 3790K, capacity 4016K, committed 4096K, reserved 1048576K
}
Event: 1.941 GC heap before
{Heap before GC invocations=4 (full 0):
 garbage-first heap   total 260096K, used 36221K [0x0000000702400000, 0x0000000800000000)
  region size 1024K, 20 young (20480K), 8 survivors (8192K)
 Metaspace       used 32915K, capacity 33450K, committed 33712K, reserved 1079296K
  class space    used 3873K, capacity 4082K, committed 4096K, reserved 1048576K
}
Event: 1.948 GC heap after
{Heap after GC invocations=5 (full 0):
 garbage-first heap   total 260096K, used 25982K [0x0000000702400000, 0x0000000800000000)
  region size 1024K, 2 young (2048K), 2 survivors (2048K)
 Metaspace       used 32915K, capacity 33450K, committed 33712K, reserved 1079296K
  class space    used 3873K, capacity 4082K, committed 4096K, reserved 1048576K
}
Event: 2.097 GC heap before
{Heap before GC invocations=5 (full 0):
 garbage-first heap   total 260096K, used 34174K [0x0000000702400000, 0x0000000800000000)
  region size 1024K, 11 young (11264K), 2 survivors (2048K)
 Metaspace       used 35207K, capacity 35696K, committed 35920K, reserved 1081344K
  class space    used 4326K, capacity 4532K, committed 4608K, reserved 1048576K
}
Event: 2.099 GC heap after
{Heap after GC invocations=6 (full 0):
 garbage-first heap   total 260096K, used 26031K [0x0000000702400000, 0x0000000800000000)
  region size 1024K, 2 young (2048K), 2 survivors (2048K)
 Metaspace       used 35207K, capacity 35696K, committed 35920K, reserved 1081344K
  class space    used 4326K, capacity 4532K, committed 4608K, reserved 1048576K
}
Event: 3.370 GC heap before
{Heap before GC invocations=7 (full 0):
 garbage-first heap   total 260096K, used 108975K [0x0000000702400000, 0x0000000800000000)
  region size 1024K, 81 young (82944K), 2 survivors (2048K)
 Metaspace       used 50916K, capacity 51655K, committed 51920K, reserved 1095680K
  class space    used 5917K, capacity 6195K, committed 6272K, reserved 1048576K
}
Event: 3.378 GC heap after
{Heap after GC invocations=8 (full 0):
 garbage-first heap   total 260096K, used 36004K [0x0000000702400000, 0x0000000800000000)
  region size 1024K, 11 young (11264K), 11 survivors (11264K)
 Metaspace       used 50916K, capacity 51655K, committed 51920K, reserved 1095680K
  class space    used 5917K, capacity 6195K, committed 6272K, reserved 1048576K
}
Event: 4.433 GC heap before
{Heap before GC invocations=8 (full 0):
 garbage-first heap   total 260096K, used 131236K [0x0000000702400000, 0x0000000800000000)
  region size 1024K, 104 young (106496K), 11 survivors (11264K)
 Metaspace       used 59337K, capacity 60179K, committed 60296K, reserved 1101824K
  class space    used 6922K, capacity 7285K, committed 7296K, reserved 1048576K
}

